[2023-02-15 14:27:49] [INFO ] [AlojamientoService:31] Se creo el producto = la caseta-babf
[2023-02-15 14:27:49] [INFO ] [BedAndBreakFast:39] Se creo el Bed And Break Fast la casetaAlojamiento Nï¿½ null
[2023-02-15 14:28:19] [INFO ] [AlojamientoService:41] Se encontro el producto = la caseta-Hotel
[2023-02-15 14:28:19] [INFO ] [AlojamientoService:56] Se elimino el Alojamiento = 2
[2023-02-15 14:28:22] [INFO ] [AlojamientoService:31] Se creo el producto = la caseta-Hotel
[2023-02-15 19:40:43] [INFO ] [AlojamientoService:31] Se creo el producto = la caseta-babf
[2023-02-15 19:40:43] [INFO ] [BedAndBreakFast:39] Se creo el Bed And Break Fast la casetaAlojamiento Nï¿½ null
[2023-02-15 19:43:28] [INFO ] [AlojamientoService:31] Se creo el producto = la caseta-departamento
[2023-02-15 19:43:28] [INFO ] [DepartamentoService:38] Se creo el Departamento la casetaAlojamiento Nï¿½ null
[2023-02-22 23:20:41] [INFO ] [AlojamientoService:31] Se creo el producto = la caseta-Hotel
[2023-02-22 23:20:48] [INFO ] [AlojamientoService:31] Se creo el producto = la caseta-babf
[2023-02-22 23:20:48] [INFO ] [BedAndBreakFast:39] Se creo el Bed And Break Fast la casetaAlojamiento Nï¿½ null
[2023-02-23 19:35:16] [INFO ] [AlojamientoService:49] Se cambio el Alojamiento = null
[2023-02-23 19:35:35] [INFO ] [AlojamientoService:49] Se cambio el Alojamiento = 1
[2023-02-23 19:35:51] [INFO ] [AlojamientoService:49] Se cambio el Alojamiento = 1
[2023-02-23 20:35:20] [INFO ] [AlojamientoService:31] Se creo el producto = la caseta-babf
[2023-02-23 20:35:20] [INFO ] [BedAndBreakFast:39] Se creo el Bed And Break Fast MontecatiniAlojamiento Nï¿½ null
[2023-02-23 20:35:58] [INFO ] [BedAndBreakFast:56] Se actualizo el Bed And Break Fast = la caseta
[2023-02-23 20:37:34] [INFO ] [AlojamientoService:31] Se creo el producto = la caseta-hotel
[2023-02-23 20:37:34] [INFO ] [HotelService:38] Se creo el Hotel la casetaAlojamiento Nï¿½ null
[2023-02-23 21:24:00] [INFO ] [AlojamientoService:31] Se creo el producto = la caseta-departamento
[2023-02-23 21:24:00] [INFO ] [DepartamentoService:38] Se creo el Departamento la casetaAlojamiento Nï¿½ null
[2023-02-23 21:24:24] [INFO ] [AlojamientoService:31] Se creo el producto = la caseta-hotel
[2023-02-23 21:24:24] [INFO ] [HotelService:38] Se creo el Hotel la casetaAlojamiento Nï¿½ null
[2023-02-23 21:24:27] [INFO ] [BedAndBreakFast:49] Se encontro el Bed And Break Fast 1 la caseta
[2023-02-23 21:24:27] [INFO ] [BedAndBreakFast:66] Se elimino el Bed And Break Fast = 1
[2023-02-24 21:46:20] [INFO ] [AlojamientoService:31] Se creo el producto = la caseta-Hotel
[2023-02-24 23:02:30] [INFO ] [AlojamientoService:31] Se creo el producto = la caseta-hotel
[2023-02-24 23:02:30] [INFO ] [HotelService:38] Se creo el Hotel la casetaAlojamiento Nï¿½ null
[2023-02-26 17:35:59] [INFO ] [AlojamientoService:31] Se creo el producto = la caseta-babf
[2023-02-26 17:35:59] [INFO ] [BedAndBreakFast:39] Se creo el Bed And Break Fast MontecatiniAlojamiento Nï¿½ null
[2023-02-26 17:44:10] [INFO ] [AlojamientoService:41] Se encontro el producto = la caseta-babf
[2023-02-26 17:44:10] [INFO ] [AlojamientoService:56] Se elimino el Alojamiento = 2
[2023-02-26 17:44:27] [INFO ] [AlojamientoService:31] Se creo el producto = la caseta-babf
[2023-02-26 17:44:27] [INFO ] [BedAndBreakFast:39] Se creo el Bed And Break Fast MontecatiniAlojamiento Nï¿½ null
[2023-02-26 17:44:53] [INFO ] [BedAndBreakFast:49] Se encontro el Bed And Break Fast 2 Montecatini
[2023-02-26 17:44:53] [INFO ] [BedAndBreakFast:66] Se elimino el Bed And Break Fast = 2
[2023-02-26 17:44:55] [INFO ] [BedAndBreakFast:49] Se encontro el Bed And Break Fast 3 Montecatini
[2023-02-26 17:44:55] [INFO ] [BedAndBreakFast:66] Se elimino el Bed And Break Fast = 3
[2023-02-26 18:06:34] [INFO ] [AlojamientoService:31] Se creo el producto = la caseta-Hotel
[2023-02-26 18:06:49] [INFO ] [AlojamientoService:31] Se creo el producto = la caseta-babf
[2023-02-26 18:06:49] [INFO ] [BedAndBreakFast:39] Se creo el Bed And Break Fast MontecatiniAlojamiento Nï¿½ null
[2023-02-26 18:11:58] [INFO ] [AlojamientoService:41] Se encontro el producto = la caseta-Hotel
[2023-02-26 18:11:58] [INFO ] [AlojamientoService:56] Se elimino el Alojamiento = 52
[2023-02-26 18:12:04] [INFO ] [AlojamientoService:41] Se encontro el producto = la caseta-babf
[2023-02-26 18:12:04] [INFO ] [AlojamientoService:56] Se elimino el Alojamiento = 53
[2023-02-26 18:12:09] [INFO ] [AlojamientoService:41] Se encontro el producto = la caseta-babf
[2023-02-26 18:12:09] [INFO ] [AlojamientoService:56] Se elimino el Alojamiento = 303
[2023-02-26 18:12:18] [INFO ] [AlojamientoService:41] Se encontro el producto = la caseta-hotel
[2023-02-26 18:12:18] [INFO ] [AlojamientoService:56] Se elimino el Alojamiento = 56
[2023-02-26 18:12:32] [INFO ] [BedAndBreakFast:49] Se encontro el Bed And Break Fast 4 null
[2023-02-26 18:12:32] [INFO ] [BedAndBreakFast:66] Se elimino el Bed And Break Fast = 4
[2023-02-26 18:12:37] [INFO ] [BedAndBreakFast:49] Se encontro el Bed And Break Fast 1 null
[2023-02-26 18:12:37] [INFO ] [BedAndBreakFast:66] Se elimino el Bed And Break Fast = 1
[2023-02-26 18:12:57] [INFO ] [AlojamientoService:41] Se encontro el producto = la caseta-babf
[2023-02-26 18:12:57] [INFO ] [AlojamientoService:56] Se elimino el Alojamiento = 252
[2023-02-26 18:13:07] [INFO ] [AlojamientoService:41] Se encontro el producto = la caseta-babf
[2023-02-26 18:13:07] [INFO ] [AlojamientoService:56] Se elimino el Alojamiento = 1
[2023-02-26 18:13:09] [INFO ] [AlojamientoService:41] Se encontro el producto = la caseta-babf
[2023-02-26 18:13:09] [INFO ] [AlojamientoService:56] Se elimino el Alojamiento = 303
[2023-02-26 18:13:12] [INFO ] [AlojamientoService:41] Se encontro el producto = la caseta-Hotel
[2023-02-26 18:13:12] [INFO ] [AlojamientoService:56] Se elimino el Alojamiento = 302
[2023-02-26 18:13:19] [INFO ] [AlojamientoService:41] Se encontro el producto = la caseta-hotel
[2023-02-26 18:13:19] [INFO ] [AlojamientoService:56] Se elimino el Alojamiento = 54
[2023-02-26 18:13:22] [INFO ] [AlojamientoService:41] Se encontro el producto = la caseta-departamento
[2023-02-26 18:13:22] [INFO ] [AlojamientoService:56] Se elimino el Alojamiento = 55
[2023-02-26 18:13:31] [INFO ] [AlojamientoService:41] Se encontro el producto = la caseta-Hotel
[2023-02-26 18:13:31] [INFO ] [AlojamientoService:56] Se elimino el Alojamiento = 102
[2023-02-26 18:13:35] [INFO ] [AlojamientoService:41] Se encontro el producto = la caseta-babf
[2023-02-26 18:13:35] [INFO ] [AlojamientoService:56] Se elimino el Alojamiento = 202
[2023-02-26 18:13:41] [INFO ] [AlojamientoService:41] Se encontro el producto = la caseta-hotel
[2023-02-26 18:13:41] [INFO ] [AlojamientoService:56] Se elimino el Alojamiento = 152
[2023-02-26 18:36:05] [INFO ] [AlojamientoService:31] Se creo el producto = la caseta-Hotel
[2023-02-28 20:03:19] [INFO ] [ProductoService:29] Se creo el producto = la caseta-Hotel
[2023-03-01 20:16:25] [INFO ] [ProductoService:31] Se creo la Ciudad = string-string
[2023-03-01 20:24:08] [INFO ] [ProductoService:31] Se creo la Ciudad = string-string
[2023-03-02 21:30:12] [INFO ] [ProductoService:29] Se creo la Categoria = string-0
[2023-03-02 21:43:24] [INFO ] [ProductoService:29] Se creo el producto = Hola-No funciono
[2023-03-02 21:45:15] [INFO ] [ProductoService:29] Se creo el producto = Hola-No funciono
[2023-03-02 21:45:16] [INFO ] [ProductoService:29] Se creo el producto = Hola-No funciono
[2023-03-02 21:45:41] [INFO ] [ProductoService:29] Se creo el producto = Hola-No funciono
[2023-03-02 21:46:39] [INFO ] [ProductoService:29] Se creo el producto = Hola-No funciono
[2023-03-02 21:47:08] [INFO ] [ProductoService:29] Se creo el producto = Hola-No funciono
[2023-03-02 21:57:34] [INFO ] [ProductoService:51] Se creo el producto = Hola-No funciono
[2023-03-02 21:57:45] [INFO ] [ProductoService:31] Se creo la Ciudad = null-null
[2023-03-02 21:57:53] [INFO ] [ProductoService:31] Se creo la Ciudad = null-null
[2023-03-02 22:00:12] [INFO ] [ProductoService:31] Se creo la Ciudad = null-null
[2023-03-02 22:00:12] [INFO ] [ProductoService:29] Se creo la Categoria = null-1
[2023-03-02 22:00:12] [INFO ] [ProductoService:51] Se creo el producto = Hola-No funciono
[2023-03-02 22:00:13] [INFO ] [ProductoService:31] Se creo la Ciudad = null-null
[2023-03-02 22:00:13] [INFO ] [ProductoService:29] Se creo la Categoria = null-1
[2023-03-02 22:00:13] [INFO ] [ProductoService:51] Se creo el producto = Hola-No funciono
[2023-03-02 22:02:45] [INFO ] [ProductoService:31] Se creo la Ciudad = null-null
[2023-03-02 22:02:45] [INFO ] [ProductoService:29] Se creo la Categoria = null-1
[2023-03-02 22:02:45] [INFO ] [ProductoService:51] Se creo el producto = Hola-No funciono
[2023-03-02 22:04:28] [INFO ] [ProductoService:31] Se creo la Ciudad = null-null
[2023-03-02 22:04:33] [INFO ] [ProductoService:31] Se creo la Ciudad = null-null
[2023-03-02 22:05:43] [INFO ] [ProductoService:31] Se creo la Ciudad = null-null
[2023-03-02 22:06:12] [INFO ] [ProductoService:31] Se creo la Ciudad = aaaa-nuaaaall
[2023-03-02 22:06:24] [INFO ] [ProductoService:31] Se creo la Ciudad = null-null
[2023-03-02 22:06:24] [INFO ] [ProductoService:29] Se creo la Categoria = null-1
[2023-03-02 22:06:24] [INFO ] [ProductoService:51] Se creo el producto = Hola-No funciono
[2023-03-02 22:58:18] [INFO ] [ProductoService:31] Se creo la Ciudad = aaaa-nuaaaall
[2023-03-02 22:58:37] [INFO ] [ProductoService:31] Se creo la Ciudad = null-null
[2023-03-02 22:58:37] [INFO ] [ProductoService:29] Se creo la Categoria = null-1
[2023-03-02 22:58:37] [INFO ] [ProductoService:51] Se creo el producto = Hola-No funciono
[2023-03-02 23:00:46] [INFO ] [ProductoService:31] Se creo la Ciudad = aaaa-nuaaaall
[2023-03-02 23:01:00] [INFO ] [ProductoService:31] Se creo la Ciudad = null-null
[2023-03-02 23:01:00] [INFO ] [ProductoService:29] Se creo la Categoria = null-1
[2023-03-02 23:01:00] [INFO ] [ProductoService:53] Se creo el producto = Hola-No funciono
[2023-03-02 23:04:39] [INFO ] [ProductoService:31] Se creo la Ciudad = aaaa-nuaaaall
[2023-03-02 23:05:04] [INFO ] [ProductoService:29] Se creo la Categoria = null-1
[2023-03-02 23:05:04] [INFO ] [ProductoService:53] Se creo el producto = Hola-No funciono
[2023-03-02 23:09:10] [INFO ] [ProductoService:38] Se creo la Ciudad = aaaa-nuaaaall
[2023-03-02 23:09:24] [INFO ] [ProductoService:29] Se creo la Categoria = null-1
[2023-03-02 23:09:24] [INFO ] [ProductoService:50] Se creo el producto = Hola-No funciono
[2023-03-02 23:23:43] [INFO ] [ProductoService:60] Se encontro el alojamiento = Hola-No funciono
[2023-03-02 23:23:43] [INFO ] [ProductoService:75] Se elimino el Producto = 153
[2023-03-02 23:23:46] [INFO ] [ProductoService:60] Se encontro el alojamiento = la caseta-Hotel
[2023-03-02 23:23:46] [INFO ] [ProductoService:75] Se elimino el Producto = 1
[2023-03-02 23:23:49] [INFO ] [ProductoService:60] Se encontro el alojamiento = Hola-No funciono
[2023-03-02 23:23:49] [INFO ] [ProductoService:75] Se elimino el Producto = -47
[2023-03-02 23:23:58] [INFO ] [ProductoService:60] Se encontro el alojamiento = Hola-No funciono
[2023-03-02 23:23:58] [INFO ] [ProductoService:75] Se elimino el Producto = 3
[2023-03-02 23:24:00] [INFO ] [ProductoService:60] Se encontro el alojamiento = Hola-No funciono
[2023-03-02 23:24:00] [INFO ] [ProductoService:75] Se elimino el Producto = 53
[2023-03-02 23:24:06] [INFO ] [ProductoService:60] Se encontro el alojamiento = Hola-No funciono
[2023-03-02 23:24:06] [INFO ] [ProductoService:75] Se elimino el Producto = 103
[2023-03-02 23:24:09] [INFO ] [ProductoService:60] Se encontro el alojamiento = Hola-No funciono
[2023-03-02 23:24:09] [INFO ] [ProductoService:75] Se elimino el Producto = 104
[2023-03-02 23:24:33] [INFO ] [ProductoService:51] Se encontro la Imagen = null-null
[2023-03-02 23:24:33] [INFO ] [ProductoService:66] Se elimino la Ciudad = 1
[2023-03-02 23:24:35] [INFO ] [ProductoService:51] Se encontro la Imagen = null-null
[2023-03-02 23:24:35] [INFO ] [ProductoService:66] Se elimino la Ciudad = 2
[2023-03-02 23:24:38] [INFO ] [ProductoService:51] Se encontro la Imagen = null-null
[2023-03-02 23:24:38] [INFO ] [ProductoService:66] Se elimino la Ciudad = 52
[2023-03-02 23:24:42] [INFO ] [ProductoService:51] Se encontro la Imagen = null-null
[2023-03-02 23:24:42] [INFO ] [ProductoService:66] Se elimino la Ciudad = 53
[2023-03-02 23:24:45] [INFO ] [ProductoService:51] Se encontro la Imagen = null-null
[2023-03-02 23:24:45] [INFO ] [ProductoService:66] Se elimino la Ciudad = 102
[2023-03-02 23:24:48] [INFO ] [ProductoService:51] Se encontro la Imagen = null-null
[2023-03-02 23:24:48] [INFO ] [ProductoService:66] Se elimino la Ciudad = 152
[2023-03-02 23:24:52] [INFO ] [ProductoService:51] Se encontro la Imagen = aaaa-nuaaaall
[2023-03-02 23:24:52] [INFO ] [ProductoService:66] Se elimino la Ciudad = 153
[2023-03-02 23:24:56] [INFO ] [ProductoService:51] Se encontro la Imagen = aaaa-nuaaaall
[2023-03-02 23:24:56] [INFO ] [ProductoService:66] Se elimino la Ciudad = 202
[2023-03-02 23:25:01] [INFO ] [ProductoService:38] Se creo la Ciudad = aaaa-nuaaaall
[2023-03-02 23:25:06] [INFO ] [ProductoService:38] Se creo la Ciudad = aaaa-nuaaaall
[2023-03-02 23:26:49] [INFO ] [ProductoService:31] Se creo la Imagen = Soy una imagen-AAAAAAAAAAAAAAAAA
[2023-03-02 23:27:15] [INFO ] [ProductoService:36] Se creó la Categoría = soy una categoria
[2023-03-02 23:27:38] [INFO ] [ProductoService:32] Se creo la Caracteristica = WiFI-null
[2023-03-02 23:28:28] [INFO ] [ProductoService:32] Se creo la Caracteristica = Wifi-1
[2023-03-02 23:32:31] [INFO ] [ProductoService:32] Se creo la Caracteristica = Wifi-null
[2023-03-02 23:34:11] [INFO ] [ProductoService:32] Se creo la Caracteristica = Wi-fi-null
[2023-03-02 23:37:14] [INFO ] [ProductoService:32] Se creo la Caracteristica = Wi-fi-null
[2023-03-02 23:41:55] [INFO ] [ProductoService:50] Se creo el producto = Hola-No funciono
[2023-03-02 23:42:09] [INFO ] [ProductoService:50] Se creo el producto = Hola-No funciono
[2023-03-02 23:42:44] [INFO ] [ProductoService:50] Se creo el producto = Hola-No funciono
[2023-03-02 23:43:57] [INFO ] [ProductoService:32] Se creo la Caracteristica = Wi-fi-null
[2023-03-02 23:45:51] [INFO ] [ProductoService:50] Se creo el producto = Hola-Creo
[2023-03-03 19:12:58] [INFO ] [ProductoService:65] Se creo el producto = Hola-Creo
[2023-03-03 19:17:54] [INFO ] [ProductoService:69] Se creo el producto = Hola-Creo
[2023-03-03 19:20:02] [INFO ] [ProductoService:32] Se creo la Caracteristica = null-1
[2023-03-03 19:20:02] [INFO ] [ProductoService:69] Se creo el producto = Hola-Creo
[2023-03-03 19:21:40] [INFO ] [ProductoService:32] Se creo la Caracteristica = Aire-null
[2023-03-03 19:21:46] [INFO ] [ProductoService:32] Se creo la Caracteristica = Wi-Fi-null
[2023-03-03 19:22:17] [INFO ] [ProductoService:32] Se creo la Caracteristica = null-3
[2023-03-03 19:22:17] [INFO ] [ProductoService:32] Se creo la Caracteristica = null-2
[2023-03-03 19:22:17] [INFO ] [ProductoService:69] Se creo el producto = Hola-Creo
[2023-03-03 19:24:33] [INFO ] [ProductoService:46] Se encontro la Caracteristica = null
[2023-03-03 19:24:33] [INFO ] [ProductoService:61] Se elimino la Caracteristica = 1
[2023-03-03 19:24:35] [INFO ] [ProductoService:46] Se encontro la Caracteristica = null
[2023-03-03 19:24:35] [INFO ] [ProductoService:61] Se elimino la Caracteristica = 2
[2023-03-03 19:24:38] [INFO ] [ProductoService:46] Se encontro la Caracteristica = null
[2023-03-03 19:24:38] [INFO ] [ProductoService:61] Se elimino la Caracteristica = 3
[2023-03-03 19:26:16] [INFO ] [ProductoService:36] Se creo la caracteristica = Wi-Fi-1
[2023-03-03 19:27:58] [INFO ] [ProductoService:45] Se encontro la Caracteristica = Wi-Fi
[2023-03-03 19:27:58] [INFO ] [ProductoService:60] Se elimino la Caracteristica = 52
[2023-03-03 19:28:14] [INFO ] [ProductoService:35] Se creo la caracteristica = Wi-Fi-1
[2023-03-03 19:28:23] [INFO ] [ProductoService:35] Se creo la caracteristica = Aire-1
[2023-03-03 19:28:35] [INFO ] [ProductoService:35] Se creo la caracteristica = null-103
[2023-03-03 19:28:35] [INFO ] [ProductoService:35] Se creo la caracteristica = null-102
[2023-03-03 19:28:35] [INFO ] [ProductoService:69] Se creo el producto = Hola-Creo
[2023-03-03 19:31:42] [INFO ] [ProductoService:57] Se encontro la Caracteristica = null
[2023-03-03 19:31:42] [INFO ] [ProductoService:72] Se elimino la Caracteristica = 103
[2023-03-03 19:31:45] [INFO ] [ProductoService:57] Se encontro la Caracteristica = null
[2023-03-03 19:31:45] [INFO ] [ProductoService:72] Se elimino la Caracteristica = 102
[2023-03-03 19:34:07] [INFO ] [ProductoService:47] Se creo la caracteristica = Aire-null
[2023-03-03 19:41:50] [INFO ] [ProductoService:32] Se creo la Caracteristica = Aire-1
[2023-03-03 19:45:38] [INFO ] [ProductoService:31] Se creo la Imagen = Soy una imagen-AAAAAAAAAAAAAAAAA
[2023-03-03 19:45:39] [INFO ] [ProductoService:36] Se creó la Categoría = soy una categoria
[2023-03-03 20:10:44] [INFO ] [ProductoService:60] Se creo el producto = Hola-Creo
[2023-03-03 20:24:36] [INFO ] [ProductoService:32] Se creo la Caracteristica = null
[2023-03-03 20:31:04] [INFO ] [ProductoService:65] Se creo el producto = Hola-Creo
[2023-03-03 20:31:42] [INFO ] [ProductoService:32] Se creo la Caracteristica = null
[2023-03-03 20:32:23] [INFO ] [ProductoService:65] Se creo el producto = Hola-Creo
[2023-03-03 20:38:58] [INFO ] [ProductoService:65] Se creo el producto = Hola-Creo
[2023-03-03 20:39:28] [INFO ] [ProductoService:65] Se creo el producto = Hola-Creo
[2023-03-03 20:45:49] [INFO ] [ProductoService:65] Se creo el producto = Hola-Creo
[2023-03-03 20:48:55] [INFO ] [ProductoService:65] Se creo el producto = Hola-Creo
[2023-03-03 20:52:07] [INFO ] [ProductoService:38] Se creo la Ciudad = aaaa-nuaaaall
[2023-03-03 20:52:11] [INFO ] [ProductoService:31] Se creo la Imagen = Soy una imagen-AAAAAAAAAAAAAAAAA
[2023-03-03 20:52:15] [INFO ] [ProductoService:36] Se creó la Categoría = soy una categoria
[2023-03-03 20:52:26] [INFO ] [ProductoService:32] Se creo la Caracteristica = null
[2023-03-03 20:52:55] [INFO ] [ProductoService:65] Se creo el producto = Hola-Creo
[2023-03-03 20:53:16] [INFO ] [ProductoService:65] Se creo el producto = Hola-Creo
[2023-03-03 20:55:18] [INFO ] [ProductoService:65] Se creo el producto = Hola-Creo
[2023-03-03 21:18:58] [INFO ] [ProductoService:41] Se creo el Usuario = string-string
[2023-03-03 21:19:26] [INFO ] [ProductoService:65] Se creo el producto = Hola-Creo
[2023-03-03 21:23:00] [INFO ] [ProductoService:73] Se creo el producto = Hola-Creo
[2023-03-03 21:25:58] [INFO ] [ProductoService:73] Se creo el producto = Hola-Creo
[2023-03-06 18:28:53] [INFO ] [ProductoService:31] Se creo la Imagen = Soy una imagen-AAAAAAAAAAAAAAAAA
[2023-03-06 21:28:38] [INFO ] [ProductoService:36] Se creó la Categoría = null
[2023-03-06 21:28:38] [INFO ] [ProductoService:31] Se creo la Imagen = null-null
[2023-03-06 21:28:38] [INFO ] [ProductoService:31] Se creo la Imagen = null-null
[2023-03-06 21:28:38] [INFO ] [ProductoService:41] Se creo el Usuario = null-null
[2023-03-06 21:28:38] [INFO ] [ProductoService:73] Se creo el producto = Producto de prueba-tipo de prueba
[2023-03-06 21:28:40] [INFO ] [ProductoService:31] Se creo la Imagen = null-null
[2023-03-06 21:28:40] [INFO ] [ProductoService:31] Se creo la Imagen = null-null
[2023-03-06 21:28:40] [INFO ] [ProductoService:41] Se creo el Usuario = null-null
[2023-03-06 21:28:40] [INFO ] [ProductoService:73] Se creo el producto = Producto de prueba-tipo de prueba
[2023-03-06 21:29:02] [INFO ] [ProductoService:73] Se creo el producto = Hola-Creo
[2023-03-06 21:32:33] [INFO ] [ProductoService:31] Se creo la Imagen = Imagen 1-https://ejemplo.com/imagen1.jpg
[2023-03-06 21:32:33] [INFO ] [ProductoService:31] Se creo la Imagen = Imagen 2-https://ejemplo.com/imagen2.jpg
[2023-03-06 21:32:33] [INFO ] [ProductoService:73] Se creo el producto = Mi producto-Mi tipo
[2023-03-06 21:43:14] [INFO ] [ProductoService:31] Se creo la Imagen = Soy una imagen-AAAAAAAAAAAAAAAAA
[2023-03-06 21:44:13] [INFO ] [ProductoService:31] Se creo la Imagen = Soy una imagen-AAAAAAAAAAAAAAAAA
[2023-03-06 21:45:24] [INFO ] [ProductoService:31] Se creo la Imagen = Imagen 1-https://ejemplo.com/imagen1.jpg
[2023-03-06 21:45:24] [INFO ] [ProductoService:31] Se creo la Imagen = Imagen 2-https://ejemplo.com/imagen2.jpg
[2023-03-06 21:45:24] [INFO ] [ProductoService:73] Se creo el producto = AAAAAAAAAAAAAAAAAAAAAAAAAA-Mi tipo
[2023-03-06 21:46:03] [INFO ] [ProductoService:73] Se creo el producto = AAAAAAAAAAAAAAAAAAAAAAAAAA-Mi tipo
[2023-03-06 22:19:30] [INFO ] [ProductoService:31] Se creo la Imagen = Imagen 1-https://ejemplo.com/imagen1.jpg
[2023-03-06 22:19:30] [INFO ] [ProductoService:31] Se creo la Imagen = Imagen 2-https://ejemplo.com/imagen2.jpg
[2023-03-06 22:19:30] [INFO ] [ProductoService:73] Se creo el producto = AAAAAAAAAAAAAAAAAAAAAAAAAA-Mi tipo
[2023-03-06 22:31:50] [INFO ] [ProductoService:84] Se encontro el alojamiento = Hola-Creo
[2023-03-07 20:21:33] [INFO ] [ProductoService:92] Se cambio el Producto = null
[2023-03-07 20:29:25] [INFO ] [ProductoService:38] Se creo la Ciudad = aaaa-nuaaaall
[2023-03-07 20:29:29] [INFO ] [ProductoService:31] Se creo la Imagen = Soy una imagen-AAAAAAAAAAAAAAAAA
[2023-03-07 20:29:32] [INFO ] [ProductoService:36] Se creó la Categoría = soy una categoria
[2023-03-07 20:29:36] [INFO ] [ProductoService:32] Se creo la Caracteristica = null
[2023-03-07 20:30:19] [INFO ] [ProductoService:74] Se creo el producto = AAAAAAAAAAAAAAAAAAAAAAAAAA-Mi tipo
[2023-03-07 20:30:58] [INFO ] [ProductoService:38] Se creo la Ciudad = string-string
[2023-03-07 20:30:58] [INFO ] [ProductoService:36] Se creó la Categoría = string
[2023-03-07 20:30:58] [INFO ] [ProductoService:31] Se creo la Imagen = string-string
[2023-03-07 20:30:58] [INFO ] [ProductoService:41] Se creo el Usuario = string-string
[2023-03-07 20:30:58] [INFO ] [ProductoService:74] Se creo el producto = string-string
[2023-03-07 20:31:07] [INFO ] [ProductoService:38] Se creo la Ciudad = string-string
[2023-03-07 20:31:07] [INFO ] [ProductoService:36] Se creó la Categoría = string
[2023-03-07 20:31:07] [INFO ] [ProductoService:31] Se creo la Imagen = string-string
[2023-03-07 20:31:07] [INFO ] [ProductoService:74] Se creo el producto = string-string
[2023-03-07 20:43:27] [INFO ] [ProductoService:38] Se creo la Ciudad = aaaa-nuaaaall
[2023-03-07 20:43:30] [INFO ] [ProductoService:31] Se creo la Imagen = Soy una imagen-AAAAAAAAAAAAAAAAA
[2023-03-07 20:43:31] [INFO ] [ProductoService:36] Se creó la Categoría = soy una categoria
[2023-03-07 20:43:33] [INFO ] [ProductoService:32] Se creo la Caracteristica = null
[2023-03-07 20:43:36] [INFO ] [ProductoService:74] Se creo el producto = AAAAAAAAAAAAAAAAAAAAAAAAAA-Mi tipo
[2023-03-07 20:44:13] [INFO ] [ProductoService:31] Se creo la Imagen = Soy una imagen-AAAAAAAAAAAAAAAAA
[2023-03-07 20:44:23] [INFO ] [ProductoService:31] Se creo la Imagen = Soy una imagen-AAAAAAAAAAAAAAAAA
[2023-03-07 20:52:36] [INFO ] [ProductoService:31] Se creo la Imagen = Soy una imagen-AAAAAAAAAAAAAAAAA
[2023-03-07 21:01:10] [INFO ] [ProductoService:63] Se creo el producto = null-null
[2023-03-07 21:01:10] [INFO ] [ProductoService:40] Se creo la Imagen = Soy una imagen-AAAAAAAAAAAAAAAAA
[2023-03-07 21:21:05] [INFO ] [ProductoService:63] Se creo el producto = AAAAAAAAAAAAAAAAAAAAAAAAAA-Mi tipo
[2023-03-08 19:34:03] [INFO ] [ProductoService:38] Se creo la Ciudad = aaaa-nuaaaall
[2023-03-08 19:34:07] [INFO ] [ProductoService:36] Se creó la Categoría = soy una categoria
[2023-03-08 19:34:10] [INFO ] [ProductoService:32] Se creo la Caracteristica = null
[2023-03-08 19:34:13] [INFO ] [ProductoService:63] Se creo el producto = AAAAAAAAAAAAAAAAAAAAAAAAAA-Mi tipo
[2023-03-08 19:34:25] [INFO ] [ProductoService:73] Se encontro el alojamiento = AAAAAAAAAAAAAAAAAAAAAAAAAA-Mi tipo
[2023-03-08 19:34:25] [INFO ] [ProductoService:39] Se creo la Imagen = Soy una imagen-AAAAAAAAAAAAAAAAA
[2023-03-08 20:29:48] [INFO ] [ProductoService:38] Se creo la Ciudad = Buenos Aires-nuaaaall
[2023-03-08 20:29:53] [INFO ] [ProductoService:38] Se creo la Ciudad = La plata-nuaaaall
[2023-03-08 20:30:05] [INFO ] [ProductoService:64] Se creo el producto = AAAAAAAAAAAAAAAAAAAAAAAAAA-Mi tipo
[2023-03-08 20:30:10] [INFO ] [ProductoService:64] Se creo el producto = AAAAAAAAAAAAAAAAAAAAAAAAAA-Mi tipo
[2023-03-08 20:35:44] [INFO ] [ProductoService:64] Se creo el producto = AAAAAAAAAAAAAAAAAAAAAAAAAA-Mi tipo
[2023-03-08 20:36:00] [INFO ] [ProductoService:36] Se creó la Categoría = Departamento
[2023-03-08 20:36:11] [INFO ] [ProductoService:64] Se creo el producto = AAAAAAAAAAAAAAAAAAAAAAAAAA-Mi tipo
[2023-03-08 20:47:39] [INFO ] [ProductoService:65] Se creo el producto = AAAAAAAAAAAAAAAAAAAAAAAAAA-Mi tipo
[2023-03-08 21:37:57] [INFO ] [ProductoService:64] Se creo el producto = AAAAAAAAAAAAAAAAAAAAAAAAAA-Mi tipo
[2023-03-08 21:38:57] [INFO ] [ProductoService:64] Se creo el producto = AAAAAAAAAAAAAAAAAAAAAAAAAA-Mi tipo
[2023-03-08 21:48:30] [INFO ] [ProductoService:77] Se creo el producto = AAAAAAAAAAAAAAAAAAAAAAAAAA-Mi tipo
[2023-03-08 21:49:34] [INFO ] [ProductoService:32] Se creo la Imagen = null-null
[2023-03-08 21:49:34] [INFO ] [ProductoService:32] Se creo la Imagen = null-null
[2023-03-08 21:49:34] [INFO ] [ProductoService:77] Se creo el producto = AAAAAAAAAAAAAAAAAAAAAAAAAA-Mi tipo
[2023-03-08 22:05:02] [INFO ] [ProductoService:77] Se creo el producto = AAAAAAAAAAAAAAAAAAAAAAAAAA-Mi tipo
[2023-03-14 19:34:25] [INFO ] [ProductoService:41] Se creo el Usuario = string-string
[2023-03-14 19:37:29] [INFO ] [ProductoService:41] Se creo el Usuario = Nico-string
[2023-03-15 21:13:25] [INFO ] [ProductoService:48] Se creo el Usuario = ivo-russo
[2023-03-16 19:55:07] [INFO ] [UsuarioService:48] Se creo el Usuario = ivo-russo
[2023-03-16 19:57:35] [INFO ] [UsuarioService:50] Se creo el Usuario = ivo-russo
[2023-03-16 20:03:09] [INFO ] [UsuarioService:55] Se creo el Usuario = ivo-russo
[2023-03-16 20:12:54] [INFO ] [UsuarioService:55] Se creo el Usuario = ivo-russo
[2023-03-16 20:27:25] [INFO ] [UsuarioService:64] Se creo el Usuario = ivo-russo
[2023-03-16 20:27:58] [INFO ] [UsuarioService:64] Se creo el Usuario = ivo-russo
[2023-03-16 20:52:18] [INFO ] [UsuarioService:64] Se creo el Usuario = ivo-russo
[2023-03-16 20:59:00] [INFO ] [UsuarioService:64] Se creo el Usuario = ivo-russo
[2023-03-16 21:01:52] [INFO ] [UsuarioService:64] Se creo el Usuario = ivo-russo
[2023-03-17 19:19:20] [INFO ] [UsuarioService:64] Se creo el Usuario = ivo-russo
[2023-03-17 19:56:26] [INFO ] [ProductoService:74] Se creo el producto = AAAAAAAAAAAAAAAAAAAAAAAAAA-Mi tipo
[2023-03-17 19:57:16] [INFO ] [ProductoService:74] Se creo el producto = AAAAAAAAAAAAAAAAAAAAAAAAAA-Mi tipo
[2023-03-17 20:07:42] [INFO ] [ProductoService:74] Se creo el producto = AAAAAAAAAAAAAAAAAAAAAAAAAA-Mi tipo
[2023-03-17 20:11:28] [INFO ] [ProductoService:74] Se creo el producto = AAAAAAAAAAAAAAAAAAAAAAAAAA-Mi tipo
[2023-03-17 20:11:47] [INFO ] [ProductoService:74] Se creo el producto = AAAAAAAAAAAAAAAAAAAAAAAAAA-Mi tipo
[2023-03-17 20:11:56] [INFO ] [ProductoService:74] Se creo el producto = AAAAAAAAAAAAAAAAAAAAAAAAAA-Mi tipo
[2023-03-17 20:14:05] [INFO ] [ProductoService:74] Se creo el producto = AAAAAAAAAAAAAAAAAAAAAAAAAA-Mi tipo
[2023-03-17 20:14:51] [INFO ] [ProductoService:74] Se creo el producto = AAAAAAAAAAAAAAAAAAAAAAAAAA-Mi tipo
[2023-03-17 20:52:20] [INFO ] [ProductoService:74] Se creo el producto = AAAAAAAAAAAAAAAAAAAAAAAAAA-Mi tipo
[2023-03-17 20:52:27] [INFO ] [ProductoService:74] Se creo el producto = AAAAAAAAAAAAAAAAAAAAAAAAAA-Mi tipo
[2023-03-17 20:52:28] [INFO ] [ProductoService:74] Se creo el producto = AAAAAAAAAAAAAAAAAAAAAAAAAA-Mi tipo
[2023-03-17 20:52:28] [INFO ] [ProductoService:74] Se creo el producto = AAAAAAAAAAAAAAAAAAAAAAAAAA-Mi tipo
[2023-03-17 20:52:29] [INFO ] [ProductoService:74] Se creo el producto = AAAAAAAAAAAAAAAAAAAAAAAAAA-Mi tipo
[2023-03-17 20:52:30] [INFO ] [ProductoService:74] Se creo el producto = AAAAAAAAAAAAAAAAAAAAAAAAAA-Mi tipo
[2023-03-17 20:52:30] [INFO ] [ProductoService:74] Se creo el producto = AAAAAAAAAAAAAAAAAAAAAAAAAA-Mi tipo
[2023-03-17 20:53:01] [INFO ] [ProductoService:74] Se creo el producto = AAAAAAAAAAAAAAAAAAAAAAAAAA-Mi tipo
[2023-03-20 21:23:20] [INFO ] [ProductoService:84] Se encontro el alojamiento = AAAAAAAAAAAAAAAAAAAAAAAAAA-Mi tipo
[2023-03-21 19:32:49] [INFO ] [UsuarioService:64] Se creo el Usuario = ivo-russo
[2023-03-21 19:33:18] [INFO ] [CiudadService:38] Se creo la Ciudad = null-null
[2023-03-21 19:33:18] [INFO ] [CategoriaService:36] Se creó la Categoría = null
[2023-03-21 19:33:26] [INFO ] [CiudadService:38] Se creo la Ciudad = null-null
[2023-03-21 19:33:49] [INFO ] [ProductoService:74] Se creo el producto = PruebaFechas-Mi tipo
[2023-03-21 19:34:50] [INFO ] [ProductoService:74] Se creo el producto = PruebaFechas-Mi tipo
[2023-03-21 19:37:07] [INFO ] [ProductoService:74] Se creo el producto = PruebaFechas-Mi tipo
[2023-03-21 19:39:30] [INFO ] [CiudadService:38] Se creo la Ciudad = null-null
[2023-03-21 19:40:51] [INFO ] [CiudadService:38] Se creo la Ciudad = null-null
[2023-03-21 19:43:29] [INFO ] [ProductoService:74] Se creo el producto = PruebaFechas-Mi tipo
[2023-03-21 19:45:13] [INFO ] [ProductoService:74] Se creo el producto = PruebaFechas-Mi tipo
[2023-03-21 19:46:42] [INFO ] [ProductoService:74] Se creo el producto = PruebaFechas-Mi tipo
[2023-03-21 19:49:45] [INFO ] [ProductoService:74] Se creo el producto = PruebaFechas-Mi tipo
[2023-03-21 19:50:22] [INFO ] [ProductoService:74] Se creo el producto = PruebaFechas-Mi tipo
[2023-03-21 19:50:50] [INFO ] [ProductoService:74] Se creo el producto = PruebaFechas-Mi tipo
[2023-03-21 19:54:04] [INFO ] [ProductoService:74] Se creo el producto = AAAAAAAAAAAAAAAAAAAAAAAAAA-Mi tipo
[2023-03-21 19:56:31] [INFO ] [ProductoService:74] Se creo el producto = AAAAAAAAAAAAAAAAAAAAAAAAAA-Mi tipo
[2023-03-21 19:56:47] [INFO ] [ProductoService:74] Se creo el producto = AAAAAAAAAAAAAAAAAAAAAAAAAA-Mi tipo
[2023-03-21 19:57:20] [INFO ] [ProductoService:74] Se creo el producto = aaa-Mi tipo
[2023-03-21 19:57:21] [INFO ] [ProductoService:74] Se creo el producto = aaa-Mi tipo
[2023-03-21 19:57:22] [INFO ] [ProductoService:74] Se creo el producto = aaa-Mi tipo
[2023-03-21 19:58:48] [INFO ] [CiudadService:38] Se creo la Ciudad = La plata-nuaaaall
[2023-03-21 19:59:03] [INFO ] [ProductoService:74] Se creo el producto = aaa-Mi tipo
[2023-03-21 20:04:18] [INFO ] [ProductoService:74] Se creo el producto = aaa-Mi tipo
[2023-03-21 20:05:36] [INFO ] [ProductoService:74] Se creo el producto = aaa-Mi tipo
[2023-03-22 10:46:53] [INFO ] [ProductoService:74] Se creo el producto = ProbandoFiltro-Mi tipo
[2023-03-22 14:59:34] [INFO ] [ProductoService:74] Se creo el producto = ProbandoFiltro-Mi tipo
[2023-03-22 14:59:57] [INFO ] [ProductoService:74] Se creo el producto = mi mi-Mi tipo
[2023-03-22 16:16:55] [INFO ] [ProductoService:79] Se creo el producto = mi mi-Mi tipo
[2023-03-22 16:25:43] [INFO ] [ProductoService:80] Se creo el producto = Conreserva-Mi tipo
[2023-03-22 19:53:25] [INFO ] [CiudadService:38] Se creo la Ciudad = Tuvieja-nuaaaall
[2023-03-22 19:54:02] [INFO ] [ProductoService:74] Se creo el producto = Hola-Mi tipo
[2023-03-22 20:22:23] [INFO ] [ProductoService:74] Se creo el producto = Hola-Mi tipo
[2023-03-22 20:33:05] [INFO ] [CiudadService:38] Se creo la Ciudad = Tuvieja-nuaaaall
[2023-03-22 20:33:33] [INFO ] [ProductoService:74] Se creo el producto = Hola-Mi tipo
[2023-03-22 20:34:02] [INFO ] [ProductoService:74] Se creo el producto = Hola-Mi tipo
[2023-03-22 20:34:17] [INFO ] [ProductoService:74] Se creo el producto = Hola-Mi tipo
[2023-03-22 20:35:29] [INFO ] [ProductoService:74] Se creo el producto = Hola-Mi tipo
[2023-03-22 20:40:53] [INFO ] [ProductoService:74] Se creo el producto = Hola-Mi tipo
[2023-03-22 21:07:07] [INFO ] [UsuarioService:64] Se creo el Usuario = ivo-russo
[2023-03-22 21:13:13] [INFO ] [UsuarioService:64] Se creo el Usuario = ivo-russo
[2023-03-22 21:15:06] [INFO ] [UsuarioService:64] Se creo el Usuario = ivo-russo
[2023-03-22 21:17:00] [INFO ] [UsuarioService:68] Se creo el Usuario = ivo-russo
[2023-03-28 19:37:02] [INFO ] [ProductoService:74] Se creo el producto = Hola-Mi tipo
[2023-03-28 19:37:13] [INFO ] [ProductoService:74] Se creo el producto = Hola-Mi tipo
[2023-03-30 20:21:14] [INFO ] [ProductoService:74] Se creo el producto = Hola-Mi tipo
[2023-03-30 20:21:19] [INFO ] [ProductoService:74] Se creo el producto = Hola-Mi tipo
[2023-03-30 20:21:22] [INFO ] [ProductoService:74] Se creo el producto = Hola-Mi tipo
[2023-03-30 20:21:23] [INFO ] [ProductoService:74] Se creo el producto = Hola-Mi tipo
[2023-03-30 20:22:00] [INFO ] [ProductoService:74] Se creo el producto = Hola-Mi tipo
[2023-03-30 20:23:32] [INFO ] [ProductoService:74] Se creo el producto = Hola-Mi tipo
[2023-03-30 20:24:25] [INFO ] [ProductoService:74] Se creo el producto = Hola-Mi tipo
[2023-04-03 19:33:06] [INFO ] [ProductoService:74] Se creo el producto = Hola-Mi tipo
[2023-04-03 21:34:27] [INFO ] [ProductoService:65] Se creo el producto = Hola-Mi tipo
[2023-04-03 21:35:42] [INFO ] [ProductoService:65] Se creo el producto = Hola-Mi tipo
[2023-04-03 21:36:44] [INFO ] [ProductoService:65] Se creo el producto = Hola-Mi tipo
[2023-04-05 18:09:00] [INFO ] [ProductoService:65] Se creo el producto = Hola-Mi tipo
[2023-04-05 18:09:39] [INFO ] [ProductoService:65] Se creo el producto = Hola-Mi tipo
[2023-04-05 18:35:11] [INFO ] [ProductoService:65] Se creo el producto = Hola-Mi tipo
[2023-04-05 18:38:13] [INFO ] [ProductoService:65] Se creo el producto = aaa-string
[2023-04-05 18:39:17] [INFO ] [ProductoService:65] Se creo el producto = Hola-Mi tipo
[2023-04-05 18:47:15] [INFO ] [ProductoService:65] Se creo el producto = Hola-Mi tipo
[2023-04-05 20:04:17] [INFO ] [ProductoService:65] Se creo el producto = Hola-Mi tipo
[2023-04-05 20:16:15] [INFO ] [ProductoService:65] Se creo el producto = Hola-Mi tipo
[2023-04-05 20:16:20] [INFO ] [ProductoService:65] Se creo el producto = Hola-Mi tipo
[2023-04-05 20:21:10] [INFO ] [ProductoService:65] Se creo el producto = Hola-Mi tipo
[2023-04-05 21:04:29] [INFO ] [ProductoService:65] Se creo el producto = Hola-Mi tipo
[2023-04-05 21:06:10] [INFO ] [ProductoService:65] Se creo el producto = Hola-Mi tipo
[2023-04-05 21:06:12] [INFO ] [ProductoService:65] Se creo el producto = Hola-Mi tipo
[2023-04-05 21:06:16] [INFO ] [ProductoService:65] Se creo el producto = Hola-Mi tipo
[2023-04-06 13:38:40] [INFO ] [ProductoService:65] Se creo el producto = null-string
[2023-04-06 13:42:39] [INFO ] [ProductoService:65] Se creo el producto = null-string
[2023-04-06 13:58:01] [INFO ] [ProductoService:65] Se creo el producto = Hola-Mi tipo
[2023-04-06 14:11:53] [INFO ] [ProductoService:65] Se creo el producto = Hola-Mi tipo
[2023-04-06 14:15:57] [INFO ] [ProductoService:65] Se creo el producto = Hola-Mi tipo
[2023-04-06 14:16:45] [INFO ] [ProductoService:65] Se creo el producto = Hola-Mi tipo
[2023-04-06 14:25:04] [INFO ] [ProductoService:65] Se creo el producto = Hola-Mi tipo
[2023-04-06 15:10:49] [INFO ] [ProductoService:85] Se creo el producto = Hola-Mi tipo
[2023-04-06 15:14:10] [INFO ] [ImagenService:32] Se creo la Imagen = WhatsApp Image 2023-03-27 at 12.39.31.jpeg-File uploaded: lodging_images/Testfinal/WhatsApp Image 2023-03-27 at 12.39.31.jpeg
[2023-04-06 15:14:10] [INFO ] [ProductoService:87] Se creo el producto = Hola-Mi tipo
[2023-04-06 15:16:06] [INFO ] [ImagenService:32] Se creo la Imagen = WhatsApp Image 2023-03-27 at 12.39.31.jpeg-File uploaded: lodging_images/Testfinal/WhatsApp Image 2023-03-27 at 12.39.31.jpeg
[2023-04-06 15:16:06] [INFO ] [ProductoService:92] Se creo el producto = Hola-Mi tipo
[2023-04-06 15:18:49] [INFO ] [ImagenService:32] Se creo la Imagen = WhatsApp Image 2023-03-27 at 12.39.31.jpeg-lodging_images/Testfinal/WhatsApp Image 2023-03-27 at 12.39.31.jpeg
[2023-04-06 15:18:49] [INFO ] [ProductoService:93] Se creo el producto = Hola-Mi tipo
[2023-04-06 15:19:50] [INFO ] [ProductoService:91] Se creo el producto = Hola-Mi tipo
[2023-04-06 15:20:39] [INFO ] [ProductoService:91] Se creo el producto = Hola-Mi tipo
[2023-04-06 15:21:48] [INFO ] [ProductoService:91] Se creo el producto = Hola-Mi tipo
[2023-04-06 15:43:24] [INFO ] [ProductoService:91] Se creo el producto = Hola-Mi tipo
[2023-04-06 15:47:35] [INFO ] [ProductoService:91] Se creo el producto = Hola-Mi tipo
[2023-04-06 15:48:58] [INFO ] [ProductoService:91] Se creo el producto = Hola-Mi tipo
[2023-04-06 15:51:30] [INFO ] [ProductoService:91] Se creo el producto = Hola-Mi tipo
[2023-04-06 15:52:47] [INFO ] [ProductoService:91] Se creo el producto = Hola-Mi tipo
[2023-04-06 15:53:44] [INFO ] [ProductoService:91] Se creo el producto = Hola-Mi tipo
[2023-04-06 16:05:29] [INFO ] [ProductoService:91] Se creo el producto = Hola-Mi tipo
[2023-04-06 16:07:29] [INFO ] [ProductoService:91] Se creo el producto = Hola-Mi tipo
[2023-04-06 16:08:18] [INFO ] [ProductoService:91] Se creo el producto = Hola-Mi tipo
[2023-04-06 16:10:48] [INFO ] [ProductoService:93] Se creo el producto = Hola-Mi tipo
[2023-04-06 16:11:35] [INFO ] [ProductoService:93] Se creo el producto = Hola-Mi tipo
[2023-04-06 16:58:53] [INFO ] [ProductoService:93] Se creo el producto = Hola-Mi tipo
[2023-04-06 16:59:36] [INFO ] [ProductoService:93] Se creo el producto = Hola-Mi tipo
[2023-04-06 17:43:31] [INFO ] [ProductoService:93] Se creo el producto = Hola-Mi tipo
[2023-04-06 19:02:27] [INFO ] [ProductoService:93] Se creo el producto = Hola-Mi tipo
